[15-Sep-2019 22:05:12 UTC] PHP Notice:  Undefined index: placeholder in /home/ubuntu/environment/source/client/includes/table-basic.php on line 37
[15-Sep-2019 22:05:12 UTC] PHP Notice:  Undefined index: placeholder in /home/ubuntu/environment/source/client/includes/table-basic.php on line 37
[15-Sep-2019 22:05:13 UTC] PHP Notice:  Undefined index: placeholder in /home/ubuntu/environment/source/client/includes/table-basic.php on line 37
[15-Sep-2019 22:05:13 UTC] PHP Notice:  Undefined index: placeholder in /home/ubuntu/environment/source/client/includes/table-basic.php on line 37
[15-Sep-2019 22:05:13 UTC] PHP Notice:  Undefined index: placeholder in /home/ubuntu/environment/source/client/includes/table-basic.php on line 37
[15-Sep-2019 22:05:13 UTC] PHP Notice:  Undefined index: placeholder in /home/ubuntu/environment/source/client/includes/table-basic.php on line 37
[15-Sep-2019 22:05:13 UTC] PHP Notice:  Undefined index: placeholder in /home/ubuntu/environment/source/client/includes/table-basic.php on line 37
[15-Sep-2019 22:09:40 UTC] PHP Notice:  Undefined index: placeholder in /home/ubuntu/environment/source/client/includes/table-basic.php on line 37
[15-Sep-2019 22:09:40 UTC] PHP Notice:  Undefined index: placeholder in /home/ubuntu/environment/source/client/includes/table-basic.php on line 37
[15-Sep-2019 22:09:41 UTC] PHP Notice:  Undefined index: placeholder in /home/ubuntu/environment/source/client/includes/table-basic.php on line 37
[15-Sep-2019 22:09:41 UTC] PHP Notice:  Undefined index: placeholder in /home/ubuntu/environment/source/client/includes/table-basic.php on line 37
[15-Sep-2019 22:09:41 UTC] PHP Notice:  Undefined index: placeholder in /home/ubuntu/environment/source/client/includes/table-basic.php on line 37
[15-Sep-2019 22:09:41 UTC] PHP Notice:  Undefined index: placeholder in /home/ubuntu/environment/source/client/includes/table-basic.php on line 37
[15-Sep-2019 22:09:41 UTC] PHP Notice:  Undefined index: placeholder in /home/ubuntu/environment/source/client/includes/table-basic.php on line 37
[28-Sep-2019 15:37:50 UTC] PHP Notice:  Undefined index: placeholder in /home/ubuntu/environment/source/client/includes/table-basic.php on line 37
[28-Sep-2019 15:37:50 UTC] PHP Notice:  Undefined index: placeholder in /home/ubuntu/environment/source/client/includes/table-basic.php on line 37
[28-Sep-2019 15:37:51 UTC] PHP Notice:  Undefined index: placeholder in /home/ubuntu/environment/source/client/includes/table-basic.php on line 37
[28-Sep-2019 15:37:51 UTC] PHP Notice:  Undefined index: placeholder in /home/ubuntu/environment/source/client/includes/table-basic.php on line 37
[28-Sep-2019 15:37:51 UTC] PHP Notice:  Undefined index: placeholder in /home/ubuntu/environment/source/client/includes/table-basic.php on line 37
[28-Sep-2019 15:37:51 UTC] PHP Notice:  Undefined index: placeholder in /home/ubuntu/environment/source/client/includes/table-basic.php on line 37
[28-Sep-2019 15:37:51 UTC] PHP Notice:  Undefined index: placeholder in /home/ubuntu/environment/source/client/includes/table-basic.php on line 37
[28-Sep-2019 15:39:45 UTC] PHP Notice:  Undefined index: placeholder in /home/ubuntu/environment/source/client/includes/table-basic.php on line 37
[28-Sep-2019 15:39:45 UTC] PHP Notice:  Undefined index: placeholder in /home/ubuntu/environment/source/client/includes/table-basic.php on line 37
[28-Sep-2019 15:39:46 UTC] PHP Notice:  Undefined index: placeholder in /home/ubuntu/environment/source/client/includes/table-basic.php on line 37
[28-Sep-2019 15:39:46 UTC] PHP Notice:  Undefined index: placeholder in /home/ubuntu/environment/source/client/includes/table-basic.php on line 37
[28-Sep-2019 15:39:46 UTC] PHP Notice:  Undefined index: placeholder in /home/ubuntu/environment/source/client/includes/table-basic.php on line 37
[28-Sep-2019 15:39:46 UTC] PHP Notice:  Undefined index: placeholder in /home/ubuntu/environment/source/client/includes/table-basic.php on line 37
[28-Sep-2019 15:39:46 UTC] PHP Notice:  Undefined index: placeholder in /home/ubuntu/environment/source/client/includes/table-basic.php on line 37
[28-Sep-2019 15:44:37 UTC] PHP Notice:  Undefined index: placeholder in /home/ubuntu/environment/source/client/includes/table-basic.php on line 37
[28-Sep-2019 15:44:37 UTC] PHP Notice:  Undefined index: placeholder in /home/ubuntu/environment/source/client/includes/table-basic.php on line 37
[28-Sep-2019 15:44:38 UTC] PHP Notice:  Undefined index: placeholder in /home/ubuntu/environment/source/client/includes/table-basic.php on line 37
[28-Sep-2019 15:44:38 UTC] PHP Notice:  Undefined index: placeholder in /home/ubuntu/environment/source/client/includes/table-basic.php on line 37
[28-Sep-2019 15:44:38 UTC] PHP Notice:  Undefined index: placeholder in /home/ubuntu/environment/source/client/includes/table-basic.php on line 37
[28-Sep-2019 15:44:38 UTC] PHP Notice:  Undefined index: placeholder in /home/ubuntu/environment/source/client/includes/table-basic.php on line 37
[28-Sep-2019 15:44:38 UTC] PHP Notice:  Undefined index: placeholder in /home/ubuntu/environment/source/client/includes/table-basic.php on line 37
[28-Sep-2019 15:49:42 UTC] PHP Notice:  Undefined index: placeholder in /home/ubuntu/environment/source/client/includes/table-basic.php on line 37
[28-Sep-2019 15:49:42 UTC] PHP Notice:  Undefined index: placeholder in /home/ubuntu/environment/source/client/includes/table-basic.php on line 37
[28-Sep-2019 15:49:43 UTC] PHP Notice:  Undefined index: placeholder in /home/ubuntu/environment/source/client/includes/table-basic.php on line 37
[28-Sep-2019 15:49:43 UTC] PHP Notice:  Undefined index: placeholder in /home/ubuntu/environment/source/client/includes/table-basic.php on line 37
[28-Sep-2019 15:49:43 UTC] PHP Notice:  Undefined index: placeholder in /home/ubuntu/environment/source/client/includes/table-basic.php on line 37
[28-Sep-2019 15:49:43 UTC] PHP Notice:  Undefined index: placeholder in /home/ubuntu/environment/source/client/includes/table-basic.php on line 37
[28-Sep-2019 15:49:43 UTC] PHP Notice:  Undefined index: placeholder in /home/ubuntu/environment/source/client/includes/table-basic.php on line 37
[28-Sep-2019 16:24:04 UTC] PHP Notice:  Undefined index: placeholder in /home/ubuntu/environment/source/client/includes/table-basic.php on line 37
[28-Sep-2019 16:24:04 UTC] PHP Notice:  Undefined index: placeholder in /home/ubuntu/environment/source/client/includes/table-basic.php on line 37
[28-Sep-2019 16:24:05 UTC] PHP Notice:  Undefined index: placeholder in /home/ubuntu/environment/source/client/includes/table-basic.php on line 37
[28-Sep-2019 16:24:05 UTC] PHP Notice:  Undefined index: placeholder in /home/ubuntu/environment/source/client/includes/table-basic.php on line 37
[28-Sep-2019 16:24:05 UTC] PHP Notice:  Undefined index: placeholder in /home/ubuntu/environment/source/client/includes/table-basic.php on line 37
[28-Sep-2019 16:24:05 UTC] PHP Notice:  Undefined index: placeholder in /home/ubuntu/environment/source/client/includes/table-basic.php on line 37
[28-Sep-2019 16:24:05 UTC] PHP Notice:  Undefined index: placeholder in /home/ubuntu/environment/source/client/includes/table-basic.php on line 37
[28-Sep-2019 16:27:43 UTC] PHP Notice:  Undefined index: placeholder in /home/ubuntu/environment/source/client/includes/table-basic.php on line 37
[28-Sep-2019 16:27:43 UTC] PHP Notice:  Undefined index: placeholder in /home/ubuntu/environment/source/client/includes/table-basic.php on line 37
[28-Sep-2019 16:27:44 UTC] PHP Notice:  Undefined index: placeholder in /home/ubuntu/environment/source/client/includes/table-basic.php on line 37
[28-Sep-2019 16:27:44 UTC] PHP Notice:  Undefined index: placeholder in /home/ubuntu/environment/source/client/includes/table-basic.php on line 37
[28-Sep-2019 16:27:44 UTC] PHP Notice:  Undefined index: placeholder in /home/ubuntu/environment/source/client/includes/table-basic.php on line 37
[28-Sep-2019 16:27:44 UTC] PHP Notice:  Undefined index: placeholder in /home/ubuntu/environment/source/client/includes/table-basic.php on line 37
[28-Sep-2019 16:27:44 UTC] PHP Notice:  Undefined index: placeholder in /home/ubuntu/environment/source/client/includes/table-basic.php on line 37
[28-Sep-2019 16:30:00 UTC] PHP Notice:  Undefined index: placeholder in /home/ubuntu/environment/source/client/includes/table-basic.php on line 37
[28-Sep-2019 16:30:00 UTC] PHP Notice:  Undefined index: placeholder in /home/ubuntu/environment/source/client/includes/table-basic.php on line 37
[28-Sep-2019 16:30:01 UTC] PHP Notice:  Undefined index: placeholder in /home/ubuntu/environment/source/client/includes/table-basic.php on line 37
[28-Sep-2019 16:30:01 UTC] PHP Notice:  Undefined index: placeholder in /home/ubuntu/environment/source/client/includes/table-basic.php on line 37
[28-Sep-2019 16:30:01 UTC] PHP Notice:  Undefined index: placeholder in /home/ubuntu/environment/source/client/includes/table-basic.php on line 37
[28-Sep-2019 16:30:01 UTC] PHP Notice:  Undefined index: placeholder in /home/ubuntu/environment/source/client/includes/table-basic.php on line 37
[28-Sep-2019 16:30:01 UTC] PHP Notice:  Undefined index: placeholder in /home/ubuntu/environment/source/client/includes/table-basic.php on line 37
[28-Sep-2019 16:35:24 UTC] PHP Notice:  Undefined index: placeholder in /home/ubuntu/environment/source/client/includes/table-basic.php on line 37
[28-Sep-2019 16:35:24 UTC] PHP Notice:  Undefined index: placeholder in /home/ubuntu/environment/source/client/includes/table-basic.php on line 37
[28-Sep-2019 16:35:24 UTC] PHP Notice:  Undefined index: placeholder in /home/ubuntu/environment/source/client/includes/table-basic.php on line 37
[28-Sep-2019 16:35:24 UTC] PHP Notice:  Undefined index: placeholder in /home/ubuntu/environment/source/client/includes/table-basic.php on line 37
[28-Sep-2019 16:35:24 UTC] PHP Notice:  Undefined index: placeholder in /home/ubuntu/environment/source/client/includes/table-basic.php on line 37
[28-Sep-2019 16:35:24 UTC] PHP Notice:  Undefined index: placeholder in /home/ubuntu/environment/source/client/includes/table-basic.php on line 37
[28-Sep-2019 16:35:24 UTC] PHP Notice:  Undefined index: placeholder in /home/ubuntu/environment/source/client/includes/table-basic.php on line 37
[28-Sep-2019 16:43:01 UTC] PHP Notice:  Undefined index: placeholder in /home/ubuntu/environment/source/client/includes/table-basic.php on line 37
[28-Sep-2019 16:43:01 UTC] PHP Notice:  Undefined index: placeholder in /home/ubuntu/environment/source/client/includes/table-basic.php on line 37
[28-Sep-2019 16:43:01 UTC] PHP Notice:  Undefined index: placeholder in /home/ubuntu/environment/source/client/includes/table-basic.php on line 37
[28-Sep-2019 16:43:01 UTC] PHP Notice:  Undefined index: placeholder in /home/ubuntu/environment/source/client/includes/table-basic.php on line 37
[28-Sep-2019 16:43:01 UTC] PHP Notice:  Undefined index: placeholder in /home/ubuntu/environment/source/client/includes/table-basic.php on line 37
[28-Sep-2019 16:43:01 UTC] PHP Notice:  Undefined index: placeholder in /home/ubuntu/environment/source/client/includes/table-basic.php on line 37
[28-Sep-2019 16:43:01 UTC] PHP Notice:  Undefined index: placeholder in /home/ubuntu/environment/source/client/includes/table-basic.php on line 37
[28-Sep-2019 16:53:30 UTC] PHP Notice:  Undefined index: placeholder in /home/ubuntu/environment/source/client/includes/table-basic.php on line 37
[28-Sep-2019 16:53:30 UTC] PHP Notice:  Undefined index: placeholder in /home/ubuntu/environment/source/client/includes/table-basic.php on line 37
[28-Sep-2019 16:53:31 UTC] PHP Notice:  Undefined index: placeholder in /home/ubuntu/environment/source/client/includes/table-basic.php on line 37
[28-Sep-2019 16:53:31 UTC] PHP Notice:  Undefined index: placeholder in /home/ubuntu/environment/source/client/includes/table-basic.php on line 37
[28-Sep-2019 16:53:31 UTC] PHP Notice:  Undefined index: placeholder in /home/ubuntu/environment/source/client/includes/table-basic.php on line 37
[28-Sep-2019 16:53:31 UTC] PHP Notice:  Undefined index: placeholder in /home/ubuntu/environment/source/client/includes/table-basic.php on line 37
[28-Sep-2019 16:53:31 UTC] PHP Notice:  Undefined index: placeholder in /home/ubuntu/environment/source/client/includes/table-basic.php on line 37
[28-Sep-2019 17:02:45 UTC] PHP Notice:  Undefined index: placeholder in /home/ubuntu/environment/source/client/includes/table-basic.php on line 37
[28-Sep-2019 17:02:45 UTC] PHP Notice:  Undefined index: placeholder in /home/ubuntu/environment/source/client/includes/table-basic.php on line 37
[28-Sep-2019 17:02:46 UTC] PHP Notice:  Undefined index: placeholder in /home/ubuntu/environment/source/client/includes/table-basic.php on line 37
[28-Sep-2019 17:02:46 UTC] PHP Notice:  Undefined index: placeholder in /home/ubuntu/environment/source/client/includes/table-basic.php on line 37
[28-Sep-2019 17:02:46 UTC] PHP Notice:  Undefined index: placeholder in /home/ubuntu/environment/source/client/includes/table-basic.php on line 37
[28-Sep-2019 17:02:46 UTC] PHP Notice:  Undefined index: placeholder in /home/ubuntu/environment/source/client/includes/table-basic.php on line 37
[28-Sep-2019 17:02:46 UTC] PHP Notice:  Undefined index: placeholder in /home/ubuntu/environment/source/client/includes/table-basic.php on line 37
[03-Nov-2019 19:21:13 UTC] PHP Notice:  Undefined index: placeholder in /home/ubuntu/environment/source/client/includes/table-basic.php on line 37
[03-Nov-2019 19:21:13 UTC] PHP Stack trace:
[03-Nov-2019 19:21:13 UTC] PHP   1. {main}() /home/ubuntu/environment/source/client/admin/table-basic-schedule.php:0
[03-Nov-2019 19:21:13 UTC] PHP   2. strColTemplate() /home/ubuntu/environment/source/client/admin/table-basic-schedule.php:119
[03-Nov-2019 19:21:13 UTC] PHP Notice:  Undefined index: placeholder in /home/ubuntu/environment/source/client/includes/table-basic.php on line 37
[03-Nov-2019 19:21:13 UTC] PHP Stack trace:
[03-Nov-2019 19:21:13 UTC] PHP   1. {main}() /home/ubuntu/environment/source/client/admin/table-basic-schedule.php:0
[03-Nov-2019 19:21:13 UTC] PHP   2. strColTemplate() /home/ubuntu/environment/source/client/admin/table-basic-schedule.php:140
[03-Nov-2019 19:21:13 UTC] PHP Notice:  Undefined index: placeholder in /home/ubuntu/environment/source/client/includes/table-basic.php on line 37
[03-Nov-2019 19:21:13 UTC] PHP Stack trace:
[03-Nov-2019 19:21:13 UTC] PHP   1. {main}() /home/ubuntu/environment/source/client/admin/table-quickpick.php:0
[03-Nov-2019 19:21:13 UTC] PHP   2. strColTemplate() /home/ubuntu/environment/source/client/admin/table-quickpick.php:49
[03-Nov-2019 19:21:13 UTC] PHP Notice:  Undefined index: placeholder in /home/ubuntu/environment/source/client/includes/table-basic.php on line 37
[03-Nov-2019 19:21:13 UTC] PHP Stack trace:
[03-Nov-2019 19:21:13 UTC] PHP   1. {main}() /home/ubuntu/environment/source/client/admin/table-quickpick.php:0
[03-Nov-2019 19:21:13 UTC] PHP   2. strColTemplate() /home/ubuntu/environment/source/client/admin/table-quickpick.php:62
[03-Nov-2019 19:21:13 UTC] PHP Notice:  Undefined index: placeholder in /home/ubuntu/environment/source/client/includes/table-basic.php on line 37
[03-Nov-2019 19:21:13 UTC] PHP Stack trace:
[03-Nov-2019 19:21:13 UTC] PHP   1. {main}() /home/ubuntu/environment/source/client/admin/table-quickpick.php:0
[03-Nov-2019 19:21:13 UTC] PHP   2. strColTemplate() /home/ubuntu/environment/source/client/admin/table-quickpick.php:75
[03-Nov-2019 19:21:13 UTC] PHP Notice:  Undefined index: placeholder in /home/ubuntu/environment/source/client/includes/table-basic.php on line 37
[03-Nov-2019 19:21:13 UTC] PHP Stack trace:
[03-Nov-2019 19:21:13 UTC] PHP   1. {main}() /home/ubuntu/environment/source/client/admin/table-quickpick.php:0
[03-Nov-2019 19:21:13 UTC] PHP   2. strColTemplate() /home/ubuntu/environment/source/client/admin/table-quickpick.php:88
[03-Nov-2019 19:21:13 UTC] PHP Notice:  Undefined index: placeholder in /home/ubuntu/environment/source/client/includes/table-basic.php on line 37
[03-Nov-2019 19:21:13 UTC] PHP Stack trace:
[03-Nov-2019 19:21:13 UTC] PHP   1. {main}() /home/ubuntu/environment/source/client/admin/table-quickpick.php:0
[03-Nov-2019 19:21:13 UTC] PHP   2. strColTemplate() /home/ubuntu/environment/source/client/admin/table-quickpick.php:101
[03-Nov-2019 19:23:04 UTC] PHP Notice:  Undefined index: placeholder in /home/ubuntu/environment/source/client/includes/table-basic.php on line 37
[03-Nov-2019 19:23:04 UTC] PHP Stack trace:
[03-Nov-2019 19:23:04 UTC] PHP   1. {main}() /home/ubuntu/environment/source/client/admin/table-basic-schedule.php:0
[03-Nov-2019 19:23:04 UTC] PHP   2. strColTemplate() /home/ubuntu/environment/source/client/admin/table-basic-schedule.php:119
[03-Nov-2019 19:23:04 UTC] PHP Notice:  Undefined index: placeholder in /home/ubuntu/environment/source/client/includes/table-basic.php on line 37
[03-Nov-2019 19:23:04 UTC] PHP Stack trace:
[03-Nov-2019 19:23:04 UTC] PHP   1. {main}() /home/ubuntu/environment/source/client/admin/table-basic-schedule.php:0
[03-Nov-2019 19:23:04 UTC] PHP   2. strColTemplate() /home/ubuntu/environment/source/client/admin/table-basic-schedule.php:140
[03-Nov-2019 19:23:05 UTC] PHP Notice:  Undefined index: placeholder in /home/ubuntu/environment/source/client/includes/table-basic.php on line 37
[03-Nov-2019 19:23:05 UTC] PHP Stack trace:
[03-Nov-2019 19:23:05 UTC] PHP   1. {main}() /home/ubuntu/environment/source/client/admin/table-quickpick.php:0
[03-Nov-2019 19:23:05 UTC] PHP   2. strColTemplate() /home/ubuntu/environment/source/client/admin/table-quickpick.php:49
[03-Nov-2019 19:23:05 UTC] PHP Notice:  Undefined index: placeholder in /home/ubuntu/environment/source/client/includes/table-basic.php on line 37
[03-Nov-2019 19:23:05 UTC] PHP Stack trace:
[03-Nov-2019 19:23:05 UTC] PHP   1. {main}() /home/ubuntu/environment/source/client/admin/table-quickpick.php:0
[03-Nov-2019 19:23:05 UTC] PHP   2. strColTemplate() /home/ubuntu/environment/source/client/admin/table-quickpick.php:62
[03-Nov-2019 19:23:05 UTC] PHP Notice:  Undefined index: placeholder in /home/ubuntu/environment/source/client/includes/table-basic.php on line 37
[03-Nov-2019 19:23:05 UTC] PHP Stack trace:
[03-Nov-2019 19:23:05 UTC] PHP   1. {main}() /home/ubuntu/environment/source/client/admin/table-quickpick.php:0
[03-Nov-2019 19:23:05 UTC] PHP   2. strColTemplate() /home/ubuntu/environment/source/client/admin/table-quickpick.php:75
[03-Nov-2019 19:23:05 UTC] PHP Notice:  Undefined index: placeholder in /home/ubuntu/environment/source/client/includes/table-basic.php on line 37
[03-Nov-2019 19:23:05 UTC] PHP Stack trace:
[03-Nov-2019 19:23:05 UTC] PHP   1. {main}() /home/ubuntu/environment/source/client/admin/table-quickpick.php:0
[03-Nov-2019 19:23:05 UTC] PHP   2. strColTemplate() /home/ubuntu/environment/source/client/admin/table-quickpick.php:88
[03-Nov-2019 19:23:05 UTC] PHP Notice:  Undefined index: placeholder in /home/ubuntu/environment/source/client/includes/table-basic.php on line 37
[03-Nov-2019 19:23:05 UTC] PHP Stack trace:
[03-Nov-2019 19:23:05 UTC] PHP   1. {main}() /home/ubuntu/environment/source/client/admin/table-quickpick.php:0
[03-Nov-2019 19:23:05 UTC] PHP   2. strColTemplate() /home/ubuntu/environment/source/client/admin/table-quickpick.php:101
